# JRE version: OpenJDK Runtime Environment (8.0_242-b08) (build 1.8.0_242-8u242-b08-0ubuntu3~18.04-b08)
# Java VM: OpenJDK 64-Bit Server VM (25.242-b08 mixed mode linux-amd64 compressed oops)
Heap:
 PSYoungGen      total 75776K, used 2601K [0x00000000eab00000, 0x00000000eff80000, 0x0000000100000000)
  eden space 65024K, 4% used [0x00000000eab00000,0x00000000ead8a430,0x00000000eea80000)
  from space 10752K, 0% used [0x00000000eea80000,0x00000000eea80000,0x00000000ef500000)
  to   space 10752K, 0% used [0x00000000ef500000,0x00000000ef500000,0x00000000eff80000)
 ParOldGen       total 173568K, used 538K [0x00000000c0000000, 0x00000000ca980000, 0x00000000eab00000)
  object space 173568K, 0% used [0x00000000c0000000,0x00000000c0086900,0x00000000ca980000)
 Metaspace       used 3341K, capacity 4598K, committed 4864K, reserved 1056768K
  class space    used 358K, capacity 426K, committed 512K, reserved 1048576K
GC Heap History (4 events):
Event: 1.577 GC heap before
{Heap before GC invocations=1 (full 0):
 PSYoungGen      total 75776K, used 3901K [0x00000000eab00000, 0x00000000eff80000, 0x0000000100000000)
  eden space 65024K, 6% used [0x00000000eab00000,0x00000000eaecf5e0,0x00000000eea80000)
  from space 10752K, 0% used [0x00000000ef500000,0x00000000ef500000,0x00000000eff80000)
  to   space 10752K, 0% used [0x00000000eea80000,0x00000000eea80000,0x00000000ef500000)
 ParOldGen       total 173568K, used 0K [0x00000000c0000000, 0x00000000ca980000, 0x00000000eab00000)
  object space 173568K, 0% used [0x00000000c0000000,0x00000000c0000000,0x00000000ca980000)
 Metaspace       used 3316K, capacity 4598K, committed 4864K, reserved 1056768K
  class space    used 357K, capacity 426K, committed 512K, reserved 1048576K
Event: 1.580 GC heap after
Heap after GC invocations=1 (full 0):
 PSYoungGen      total 75776K, used 704K [0x00000000eab00000, 0x00000000eff80000, 0x0000000100000000)
  eden space 65024K, 0% used [0x00000000eab00000,0x00000000eab00000,0x00000000eea80000)
  from space 10752K, 6% used [0x00000000eea80000,0x00000000eeb30020,0x00000000ef500000)
  to   space 10752K, 0% used [0x00000000ef500000,0x00000000ef500000,0x00000000eff80000)
 ParOldGen       total 173568K, used 8K [0x00000000c0000000, 0x00000000ca980000, 0x00000000eab00000)
  object space 173568K, 0% used [0x00000000c0000000,0x00000000c0002000,0x00000000ca980000)
 Metaspace       used 3316K, capacity 4598K, committed 4864K, reserved 1056768K
  class space    used 357K, capacity 426K, committed 512K, reserved 1048576K
}
Event: 1.580 GC heap before
{Heap before GC invocations=2 (full 1):
 PSYoungGen      total 75776K, used 704K [0x00000000eab00000, 0x00000000eff80000, 0x0000000100000000)
  eden space 65024K, 0% used [0x00000000eab00000,0x00000000eab00000,0x00000000eea80000)
  from space 10752K, 6% used [0x00000000eea80000,0x00000000eeb30020,0x00000000ef500000)
  to   space 10752K, 0% used [0x00000000ef500000,0x00000000ef500000,0x00000000eff80000)
 ParOldGen       total 173568K, used 8K [0x00000000c0000000, 0x00000000ca980000, 0x00000000eab00000)
  object space 173568K, 0% used [0x00000000c0000000,0x00000000c0002000,0x00000000ca980000)
 Metaspace       used 3316K, capacity 4598K, committed 4864K, reserved 1056768K
  class space    used 357K, capacity 426K, committed 512K, reserved 1048576K
Event: 1.587 GC heap after
Heap after GC invocations=2 (full 1):
 PSYoungGen      total 75776K, used 0K [0x00000000eab00000, 0x00000000eff80000, 0x0000000100000000)
  eden space 65024K, 0% used [0x00000000eab00000,0x00000000eab00000,0x00000000eea80000)
  from space 10752K, 0% used [0x00000000eea80000,0x00000000eea80000,0x00000000ef500000)
  to   space 10752K, 0% used [0x00000000ef500000,0x00000000ef500000,0x00000000eff80000)
 ParOldGen       total 173568K, used 538K [0x00000000c0000000, 0x00000000ca980000, 0x00000000eab00000)
  object space 173568K, 0% used [0x00000000c0000000,0x00000000c0086900,0x00000000ca980000)
 Metaspace       used 3316K, capacity 4598K, committed 4864K, reserved 1056768K
  class space    used 357K, capacity 426K, committed 512K, reserved 1048576K
}

